***************************************************************************************************** 
* WARNING: The 2021 software stack is not available on the 'genoa' partition.
Please use the 2022 * 
* software stack. * 
* * 
* If you have any question, please contact us via
http://servicedesk.surfsara.nl. * 
***************************************************************************************************** 
Lmod has detected the following error: These module(s) or extension(s) exist
but cannot be loaded as requested: "Miniconda3/23.5.2-0"
   Try: "module spider Miniconda3/23.5.2-0" to see how to load the module(s).



no change     /sw/arch/RHEL8/EB_production/2023/software/Miniconda3/23.5.2-0/condabin/conda
no change     /sw/arch/RHEL8/EB_production/2023/software/Miniconda3/23.5.2-0/bin/conda
no change     /sw/arch/RHEL8/EB_production/2023/software/Miniconda3/23.5.2-0/bin/conda-env
no change     /sw/arch/RHEL8/EB_production/2023/software/Miniconda3/23.5.2-0/bin/activate
no change     /sw/arch/RHEL8/EB_production/2023/software/Miniconda3/23.5.2-0/bin/deactivate
no change     /sw/arch/RHEL8/EB_production/2023/software/Miniconda3/23.5.2-0/etc/profile.d/conda.sh
no change     /sw/arch/RHEL8/EB_production/2023/software/Miniconda3/23.5.2-0/etc/fish/conf.d/conda.fish
no change     /sw/arch/RHEL8/EB_production/2023/software/Miniconda3/23.5.2-0/shell/condabin/Conda.psm1
no change     /sw/arch/RHEL8/EB_production/2023/software/Miniconda3/23.5.2-0/shell/condabin/conda-hook.ps1
no change     /sw/arch/RHEL8/EB_production/2023/software/Miniconda3/23.5.2-0/lib/python3.11/site-packages/xontrib/conda.xsh
no change     /sw/arch/RHEL8/EB_production/2023/software/Miniconda3/23.5.2-0/etc/profile.d/conda.csh
no change     /home/cmeo/.bashrc
No action taken.
slurmstepd: error: *** JOB 6148167 ON gcn41 CANCELLED AT 2024-05-07T00:20:30 DUE TO TIME LIMIT ***
slurmstepd: error: container_p_join: setns failed for /slurm/6148167/.ns: Invalid argument
slurmstepd: error: container_g_join(6148167): Invalid argument

JOB STATISTICS
==============
Job ID: 6148167
Cluster: snellius
User/Group: cmeo/cmeo
State: TIMEOUT (exit code 0)
Nodes: 1
Cores per node: 18
CPU Utilized: 00:00:03
CPU Efficiency: 0.00% of 54-00:06:00 core-walltime
Job Wall-clock time: 3-00:00:20
Memory Utilized: 16.69 GB
Memory Efficiency: 27.82% of 60.00 GB
