***************************************************************************************************** 
* WARNING: The 2021 software stack is not available on the 'genoa' partition.
Please use the 2022 * 
* software stack. * 
* * 
* If you have any question, please contact us via
http://servicedesk.surfsara.nl. * 
***************************************************************************************************** 
Lmod has detected the following error: These module(s) or extension(s) exist
but cannot be loaded as requested: "Miniconda3/23.5.2-0"
   Try: "module spider Miniconda3/23.5.2-0" to see how to load the module(s).



no change     /sw/arch/RHEL8/EB_production/2023/software/Miniconda3/23.5.2-0/condabin/conda
no change     /sw/arch/RHEL8/EB_production/2023/software/Miniconda3/23.5.2-0/bin/conda
no change     /sw/arch/RHEL8/EB_production/2023/software/Miniconda3/23.5.2-0/bin/conda-env
no change     /sw/arch/RHEL8/EB_production/2023/software/Miniconda3/23.5.2-0/bin/activate
no change     /sw/arch/RHEL8/EB_production/2023/software/Miniconda3/23.5.2-0/bin/deactivate
no change     /sw/arch/RHEL8/EB_production/2023/software/Miniconda3/23.5.2-0/etc/profile.d/conda.sh
no change     /sw/arch/RHEL8/EB_production/2023/software/Miniconda3/23.5.2-0/etc/fish/conf.d/conda.fish
no change     /sw/arch/RHEL8/EB_production/2023/software/Miniconda3/23.5.2-0/shell/condabin/Conda.psm1
no change     /sw/arch/RHEL8/EB_production/2023/software/Miniconda3/23.5.2-0/shell/condabin/conda-hook.ps1
no change     /sw/arch/RHEL8/EB_production/2023/software/Miniconda3/23.5.2-0/lib/python3.11/site-packages/xontrib/conda.xsh
no change     /sw/arch/RHEL8/EB_production/2023/software/Miniconda3/23.5.2-0/etc/profile.d/conda.csh
no change     /home/cmeo/.bashrc
No action taken.
slurmstepd: error: *** JOB 6149910 ON gcn65 CANCELLED AT 2024-05-04T02:59:49 ***
slurmstepd: error: container_p_join: setns failed for /slurm/6149910/.ns: Invalid argument
slurmstepd: error: container_g_join(6149910): Invalid argument

JOB STATISTICS
==============
Job ID: 6149910
Cluster: snellius
User/Group: cmeo/cmeo
State: CANCELLED (exit code 0)
Nodes: 1
Cores per node: 18
CPU Utilized: 00:00:03
CPU Efficiency: 0.22% of 00:22:30 core-walltime
Job Wall-clock time: 00:01:15
Memory Utilized: 8.13 GB
Memory Efficiency: 13.55% of 60.00 GB
